  CollisionManager.cpp
  Collision.cpp
  Cube.cpp
  ShapeBase.cpp
  Sphere.cpp
  Debugger.cpp
  Block.cpp
  BreakBullet.cpp
  Bullet.cpp
  BulletBase.cpp
  EnemyBullet.cpp
  CharacterBase.cpp
  Enemy.cpp
  HomingBulletEnemy.cpp
  ShotgunEnemy.cpp
  BackGround.cpp
  ZTextureManager.cpp
  ManagerControlOffcer.cpp
  ManagerFactory.cpp
  MapStructureManager.cpp
  コンパイル中...
  Taile.cpp
  GoalObject.cpp
  HPUI.cpp
  Player.cpp
  Camera3D.cpp
  D3DDefaultMesh.cpp
  DefaultLight.cpp
  Fbx.cpp
  IndexBuffer.cpp
  Model.cpp
  OBJFile.cpp
  PlaneIndex.cpp
  SkinCustomVertex.cpp
  Sprite3DParameter.cpp
  Sprite3DUser.cpp
  VertexBuffer.cpp
  XFile.cpp
  D3DFont.cpp
  DirectInput.cpp
  JoyStick.cpp
  コンパイル中...
  KeyBoard.cpp
  VertexDeclation.cpp
  DepthShadowEffectFile.cpp
  Light.cpp
  FogShader.cpp
  NormalShader.cpp
  EffectFileBase.cpp
  ShaderManager.cpp
  StandardTransformShader.cpp
  VertexBlendEffectFile.cpp
  ZTexture.cpp
  FPS.cpp
  Graphics.cpp
  Lib.cpp
  Math.cpp
  Sound.cpp
  Sprite2DParameter.cpp
  Sprite2DUser.cpp
  TextureManager.cpp
  AnimationParameter.cpp
  コンパイル中...
  UvAnimation.cpp
  UvBase.cpp
  UvSlider.cpp
  Window.cpp
  LoadResource.cpp
  Main.cpp
  MapObjectManager.cpp
  FileDataManager.cpp
  GameEndJugeManager.cpp
  Object2D.cpp
  Object3DInterface.cpp
  Object3D.cpp
  ObjectBase.cpp
  ObjectFactory.cpp
  ObjectManager.cpp
  RenderState.cpp
  EndScene.cpp
  GameScene.cpp
  SceneBase.cpp
  SceneManager.cpp
  コンパイル中...
  TitleScene.cpp
  Utility.cpp
  コード生成しています。
c:\users\前川　洸太郎\documents\3dshootinggame\3dshootinggameproj\3dshootinggameproj\lib\effectfileshader\ztexture\ztexture.cpp(142): warning C4715: 'ZTexture::CreateTexture': 値を返さないコントロール パスがあります。
  All 7431 functions were compiled because no usable IPDB/IOBJ from previous compilation was found.
  コード生成が終了しました。
  3DShootingGameProj.vcxproj -> C:\Users\前川　洸太郎\Documents\3DShootingGame\3DShootingGameProj\Release\3DShootingGameProj.exe
